[debug] [2026-06-17T18:20:34.513Z] ----------------------------------------------------------------------
[debug] [2026-06-17T18:20:34.516Z] Command:       /usr/local/bin/node /usr/local/bin/firebase projects:list
[debug] [2026-06-17T18:20:34.517Z] CLI Version:   15.19.1
[debug] [2026-06-17T18:20:34.517Z] Platform:      linux
[debug] [2026-06-17T18:20:34.517Z] Node Version:  v22.22.3
[debug] [2026-06-17T18:20:34.517Z] Time:          Wed Jun 17 2026 18:20:34 GMT+0000 (Coordinated Universal Time)
[debug] [2026-06-17T18:20:34.518Z] ----------------------------------------------------------------------
[debug] 
[debug] [2026-06-17T18:20:34.520Z] >>> [apiv2][query] GET https://firebase-public.firebaseio.com/cli.json [none]
[debug] [2026-06-17T18:20:34.866Z] > command requires scopes: ["email","openid","https://www.googleapis.com/auth/cloudplatformprojects.readonly","https://www.googleapis.com/auth/firebase","https://www.googleapis.com/auth/cloud-platform"]
[debug] [2026-06-17T18:20:34.926Z] Running auto auth
[debug] [2026-06-17T18:20:34.943Z] No OAuth tokens found
[debug] [2026-06-17T18:20:34.944Z] >>> [apiv2][query] GET https://firebase.googleapis.com/v1beta1/projects pageSize=1000
[debug] [2026-06-17T18:20:35.065Z] <<< [apiv2][status] GET https://firebase.googleapis.com/v1beta1/projects 403
[debug] [2026-06-17T18:20:35.066Z] <<< [apiv2][body] GET https://firebase.googleapis.com/v1beta1/projects [omitted]
[debug] [2026-06-17T18:20:35.067Z] Request to https://firebase.googleapis.com/v1beta1/projects?pageSize=1000 had HTTP Error: 403, Firebase Management API has not been used in project 254306463759 before or it is disabled. Enable it by visiting https://console.developers.google.com/apis/api/firebase.googleapis.com/overview?project=254306463759 then retry. If you enabled this API recently, wait a few minutes for the action to propagate to our systems and retry.
[debug] [2026-06-17T18:20:35.068Z] FirebaseError: Request to https://firebase.googleapis.com/v1beta1/projects?pageSize=1000 had HTTP Error: 403, Firebase Management API has not been used in project 254306463759 before or it is disabled. Enable it by visiting https://console.developers.google.com/apis/api/firebase.googleapis.com/overview?project=254306463759 then retry. If you enabled this API recently, wait a few minutes for the action to propagate to our systems and retry.
    at responseToError (/usr/local/lib/node_modules/firebase-tools/lib/responseToError.js:53:12)
    at RetryOperation._fn (/usr/local/lib/node_modules/firebase-tools/lib/apiv2.js:333:77)
    at process.processTicksAndRejections (node:internal/process/task_queues:103:5)
[error] 
[error] Error: Failed to list Firebase projects. See firebase-debug.log for more info.
[debug] [2026-06-17T18:20:35.305Z] <<< [apiv2][status] GET https://firebase-public.firebaseio.com/cli.json 200
